2015-12-14 11:01:23 - PHP Notice:  Undefined index: sort_order in D:\wamp\www\work\openCart\mercury.57634.sega.opencart\57634\theme649\system\storage\modification\admin\model\design\banner.php on line 37
2015-12-14 14:29:41 - PHP Notice:  Undefined variable: email in D:\wamp\www\work\openCart\mercury.57634.sega.opencart\57634\theme649\catalog\view\theme\theme649\template\common\footer.tpl on line 20
2015-12-14 14:29:41 - PHP Notice:  Undefined variable: email in D:\wamp\www\work\openCart\mercury.57634.sega.opencart\57634\theme649\catalog\view\theme\theme649\template\common\footer.tpl on line 20
2015-12-14 14:29:42 - PHP Notice:  Undefined variable: email in D:\wamp\www\work\openCart\mercury.57634.sega.opencart\57634\theme649\catalog\view\theme\theme649\template\common\footer.tpl on line 20
2015-12-14 14:29:42 - PHP Notice:  Undefined variable: email in D:\wamp\www\work\openCart\mercury.57634.sega.opencart\57634\theme649\catalog\view\theme\theme649\template\common\footer.tpl on line 20
2015-12-14 14:31:06 - PHP Notice:  Undefined variable: email in D:\wamp\www\work\openCart\mercury.57634.sega.opencart\57634\theme649\catalog\view\theme\theme649\template\common\footer.tpl on line 20
2015-12-14 14:31:06 - PHP Notice:  Undefined variable: email in D:\wamp\www\work\openCart\mercury.57634.sega.opencart\57634\theme649\catalog\view\theme\theme649\template\common\footer.tpl on line 20
2015-12-14 14:31:07 - PHP Notice:  Undefined variable: email in D:\wamp\www\work\openCart\mercury.57634.sega.opencart\57634\theme649\catalog\view\theme\theme649\template\common\footer.tpl on line 20
2015-12-14 14:31:07 - PHP Notice:  Undefined variable: email in D:\wamp\www\work\openCart\mercury.57634.sega.opencart\57634\theme649\catalog\view\theme\theme649\template\common\footer.tpl on line 20
2015-12-23 10:58:40 - PHP Notice:  Undefined index: approval in D:\wamp\www\work\openCart\mercury.57634.sega.opencart\57634\theme649\catalog\model\account\customer.php on line 16
2015-12-23 10:58:40 - PHP Notice:  Undefined index: approval in D:\wamp\www\work\openCart\mercury.57634.sega.opencart\57634\theme649\catalog\model\account\customer.php on line 32
2015-12-23 10:58:41 - PHP Warning:  mail(): Failed to connect to mailserver at &quot;localhost&quot; port 25, verify your &quot;SMTP&quot; and &quot;smtp_port&quot; setting in php.ini or use ini_set() in D:\wamp\www\work\openCart\mercury.57634.sega.opencart\57634\theme649\system\library\mail.php on line 164
2015-12-28 9:30:45 - PHP Warning:  mail(): Failed to connect to mailserver at &quot;localhost&quot; port 25, verify your &quot;SMTP&quot; and &quot;smtp_port&quot; setting in php.ini or use ini_set() in D:\wamp\www\work\openCart\mercury.57634.sega.opencart\57634\theme649\system\library\mail.php on line 164
2015-12-29 9:22:09 - PHP Warning:  mail(): Failed to connect to mailserver at &quot;localhost&quot; port 25, verify your &quot;SMTP&quot; and &quot;smtp_port&quot; setting in php.ini or use ini_set() in D:\wamp\www\work\openCart\mercury.57634.sega.opencart\57634\theme649\system\library\mail.php on line 164
2016-07-18 10:17:38 - PHP Notice:  Undefined variable: languages in C:\Users\mfoganholo\Documents\GitHub\opencart57634\public\admin\view\template\module\olark.tpl on line 64
2016-07-18 10:17:38 - PHP Warning:  Invalid argument supplied for foreach() in C:\Users\mfoganholo\Documents\GitHub\opencart57634\public\admin\view\template\module\olark.tpl on line 64
2016-07-18 10:19:25 - PHP Notice:  Undefined variable: category_search_article in C:\Users\mfoganholo\Documents\GitHub\opencart57634\public\admin\view\template\module\tm_blog_category.tpl on line 68
2016-07-18 10:19:29 - PHP Notice:  Undefined variable: category_search_article in C:\Users\mfoganholo\Documents\GitHub\opencart57634\public\admin\view\template\module\tm_blog_category.tpl on line 68
2016-07-18 10:19:51 - PHP Notice:  Undefined variable: i in C:\Users\mfoganholo\Documents\GitHub\opencart57634\public\admin\view\template\module\tm_megamenu.tpl on line 913
2016-07-18 10:26:47 - PHP Notice:  Undefined index: pt-br in C:\Users\mfoganholo\Documents\GitHub\opencart57634\public\admin\index.php on line 119
2016-07-18 10:26:47 - PHP Notice:  Undefined index: pt-br in C:\Users\mfoganholo\Documents\GitHub\opencart57634\public\admin\index.php on line 122
2016-07-18 10:26:47 - PHP Notice:  Undefined index: pt-br in C:\Users\mfoganholo\Documents\GitHub\opencart57634\public\admin\index.php on line 123
2016-07-18 10:26:53 - PHP Notice:  Undefined index: pt-br in C:\Users\mfoganholo\Documents\GitHub\opencart57634\public\admin\index.php on line 119
2016-07-18 10:26:53 - PHP Notice:  Undefined index: pt-br in C:\Users\mfoganholo\Documents\GitHub\opencart57634\public\admin\index.php on line 122
2016-07-18 10:26:53 - PHP Notice:  Undefined index: pt-br in C:\Users\mfoganholo\Documents\GitHub\opencart57634\public\admin\index.php on line 123
2016-07-18 10:27:00 - PHP Notice:  Undefined index: pt-br in C:\Users\mfoganholo\Documents\GitHub\opencart57634\public\index.php on line 188
2016-07-18 10:27:00 - PHP Notice:  Undefined index: pt-br in C:\Users\mfoganholo\Documents\GitHub\opencart57634\public\index.php on line 189
2016-07-18 10:27:00 - PHP Notice:  Undefined index: pt-br in C:\Users\mfoganholo\Documents\GitHub\opencart57634\public\index.php on line 192
2016-07-18 10:27:00 - PHP Notice:  Undefined index: pt-br in C:\Users\mfoganholo\Documents\GitHub\opencart57634\public\index.php on line 193
2016-07-18 10:27:00 - PHP Notice:  Undefined variable: html in C:\Users\mfoganholo\Documents\GitHub\opencart57634\public\catalog\view\theme\theme649\template\module\tm_newsletter_popup.tpl on line 20
2016-07-18 10:27:06 - PHP Notice:  Undefined index: pt-br in C:\Users\mfoganholo\Documents\GitHub\opencart57634\public\index.php on line 188
2016-07-18 10:27:06 - PHP Notice:  Undefined index: pt-br in C:\Users\mfoganholo\Documents\GitHub\opencart57634\public\index.php on line 189
2016-07-18 10:27:06 - PHP Notice:  Undefined index: pt-br in C:\Users\mfoganholo\Documents\GitHub\opencart57634\public\index.php on line 192
2016-07-18 10:27:06 - PHP Notice:  Undefined index: pt-br in C:\Users\mfoganholo\Documents\GitHub\opencart57634\public\index.php on line 193
2016-07-18 10:28:17 - PHP Notice:  Undefined index: pt-br in C:\Users\mfoganholo\Documents\GitHub\opencart57634\public\admin\index.php on line 119
2016-07-18 10:28:17 - PHP Notice:  Undefined index: pt-br in C:\Users\mfoganholo\Documents\GitHub\opencart57634\public\admin\index.php on line 122
2016-07-18 10:28:17 - PHP Notice:  Undefined index: pt-br in C:\Users\mfoganholo\Documents\GitHub\opencart57634\public\admin\index.php on line 123
2016-07-18 10:29:06 - PHP Notice:  Undefined index: pt-br in C:\Users\mfoganholo\Documents\GitHub\opencart57634\public\admin\index.php on line 119
2016-07-18 10:29:06 - PHP Notice:  Undefined index: pt-br in C:\Users\mfoganholo\Documents\GitHub\opencart57634\public\admin\index.php on line 122
2016-07-18 10:29:06 - PHP Notice:  Undefined index: pt-br in C:\Users\mfoganholo\Documents\GitHub\opencart57634\public\admin\index.php on line 123
2016-07-18 10:29:11 - PHP Notice:  Undefined index: pt-br in C:\Users\mfoganholo\Documents\GitHub\opencart57634\public\admin\index.php on line 119
2016-07-18 10:29:11 - PHP Notice:  Undefined index: pt-br in C:\Users\mfoganholo\Documents\GitHub\opencart57634\public\admin\index.php on line 122
2016-07-18 10:29:11 - PHP Notice:  Undefined index: pt-br in C:\Users\mfoganholo\Documents\GitHub\opencart57634\public\admin\index.php on line 123
2016-07-18 10:29:15 - PHP Notice:  Undefined index: pt-br in C:\Users\mfoganholo\Documents\GitHub\opencart57634\public\admin\index.php on line 119
2016-07-18 10:29:15 - PHP Notice:  Undefined index: pt-br in C:\Users\mfoganholo\Documents\GitHub\opencart57634\public\admin\index.php on line 122
2016-07-18 10:29:15 - PHP Notice:  Undefined index: pt-br in C:\Users\mfoganholo\Documents\GitHub\opencart57634\public\admin\index.php on line 123
2016-07-18 10:29:17 - PHP Notice:  Undefined index: pt-br in C:\Users\mfoganholo\Documents\GitHub\opencart57634\public\admin\index.php on line 119
2016-07-18 10:29:17 - PHP Notice:  Undefined index: pt-br in C:\Users\mfoganholo\Documents\GitHub\opencart57634\public\admin\index.php on line 122
2016-07-18 10:29:17 - PHP Notice:  Undefined index: pt-br in C:\Users\mfoganholo\Documents\GitHub\opencart57634\public\admin\index.php on line 123
2016-07-18 10:29:23 - PHP Notice:  Undefined index: pt-br in C:\Users\mfoganholo\Documents\GitHub\opencart57634\public\admin\index.php on line 119
2016-07-18 10:29:23 - PHP Notice:  Undefined index: pt-br in C:\Users\mfoganholo\Documents\GitHub\opencart57634\public\admin\index.php on line 122
2016-07-18 10:29:23 - PHP Notice:  Undefined index: pt-br in C:\Users\mfoganholo\Documents\GitHub\opencart57634\public\admin\index.php on line 123
2016-07-18 10:29:27 - PHP Notice:  Undefined index: pt-br in C:\Users\mfoganholo\Documents\GitHub\opencart57634\public\admin\index.php on line 119
2016-07-18 10:29:27 - PHP Notice:  Undefined index: pt-br in C:\Users\mfoganholo\Documents\GitHub\opencart57634\public\admin\index.php on line 122
2016-07-18 10:29:27 - PHP Notice:  Undefined index: pt-br in C:\Users\mfoganholo\Documents\GitHub\opencart57634\public\admin\index.php on line 123
2016-07-18 10:29:27 - PHP Notice:  Undefined index: pt-br in C:\Users\mfoganholo\Documents\GitHub\opencart57634\public\admin\index.php on line 119
2016-07-18 10:29:27 - PHP Notice:  Undefined index: pt-br in C:\Users\mfoganholo\Documents\GitHub\opencart57634\public\admin\index.php on line 122
2016-07-18 10:29:27 - PHP Notice:  Undefined index: pt-br in C:\Users\mfoganholo\Documents\GitHub\opencart57634\public\admin\index.php on line 123
2016-07-18 10:29:42 - PHP Notice:  Undefined index: pt-br in C:\Users\mfoganholo\Documents\GitHub\opencart57634\public\admin\index.php on line 119
2016-07-18 10:29:42 - PHP Notice:  Undefined index: pt-br in C:\Users\mfoganholo\Documents\GitHub\opencart57634\public\admin\index.php on line 122
2016-07-18 10:29:42 - PHP Notice:  Undefined index: pt-br in C:\Users\mfoganholo\Documents\GitHub\opencart57634\public\admin\index.php on line 123
2016-07-18 10:30:43 - PHP Notice:  Undefined index: pt-br in C:\Users\mfoganholo\Documents\GitHub\opencart57634\public\admin\index.php on line 119
2016-07-18 10:30:43 - PHP Notice:  Undefined index: pt-br in C:\Users\mfoganholo\Documents\GitHub\opencart57634\public\admin\index.php on line 122
2016-07-18 10:30:43 - PHP Notice:  Undefined index: pt-br in C:\Users\mfoganholo\Documents\GitHub\opencart57634\public\admin\index.php on line 123
2016-07-18 10:30:43 - PHP Notice:  Undefined index: pt-br in C:\Users\mfoganholo\Documents\GitHub\opencart57634\public\admin\index.php on line 119
2016-07-18 10:30:43 - PHP Notice:  Undefined index: pt-br in C:\Users\mfoganholo\Documents\GitHub\opencart57634\public\admin\index.php on line 122
2016-07-18 10:30:43 - PHP Notice:  Undefined index: pt-br in C:\Users\mfoganholo\Documents\GitHub\opencart57634\public\admin\index.php on line 123
2016-07-18 10:30:44 - PHP Notice:  Undefined index: pt-br in C:\Users\mfoganholo\Documents\GitHub\opencart57634\public\admin\index.php on line 119
2016-07-18 10:30:44 - PHP Notice:  Undefined index: pt-br in C:\Users\mfoganholo\Documents\GitHub\opencart57634\public\admin\index.php on line 122
2016-07-18 10:30:44 - PHP Notice:  Undefined index: pt-br in C:\Users\mfoganholo\Documents\GitHub\opencart57634\public\admin\index.php on line 123
2016-07-18 10:30:44 - PHP Notice:  Undefined index: pt-br in C:\Users\mfoganholo\Documents\GitHub\opencart57634\public\admin\index.php on line 119
2016-07-18 10:30:44 - PHP Notice:  Undefined index: pt-br in C:\Users\mfoganholo\Documents\GitHub\opencart57634\public\admin\index.php on line 122
2016-07-18 10:30:44 - PHP Notice:  Undefined index: pt-br in C:\Users\mfoganholo\Documents\GitHub\opencart57634\public\admin\index.php on line 123
2016-07-18 10:30:58 - PHP Notice:  Undefined index: pt-br in C:\Users\mfoganholo\Documents\GitHub\opencart57634\public\admin\index.php on line 119
2016-07-18 10:30:58 - PHP Notice:  Undefined index: pt-br in C:\Users\mfoganholo\Documents\GitHub\opencart57634\public\admin\index.php on line 122
2016-07-18 10:30:58 - PHP Notice:  Undefined index: pt-br in C:\Users\mfoganholo\Documents\GitHub\opencart57634\public\admin\index.php on line 123
2016-07-18 10:31:06 - PHP Notice:  Undefined index: pt-br in C:\Users\mfoganholo\Documents\GitHub\opencart57634\public\admin\index.php on line 119
2016-07-18 10:31:06 - PHP Notice:  Undefined index: pt-br in C:\Users\mfoganholo\Documents\GitHub\opencart57634\public\admin\index.php on line 122
2016-07-18 10:31:06 - PHP Notice:  Undefined index: pt-br in C:\Users\mfoganholo\Documents\GitHub\opencart57634\public\admin\index.php on line 123
2016-07-18 10:31:10 - PHP Notice:  Undefined index: pt-br in C:\Users\mfoganholo\Documents\GitHub\opencart57634\public\admin\index.php on line 119
2016-07-18 10:31:10 - PHP Notice:  Undefined index: pt-br in C:\Users\mfoganholo\Documents\GitHub\opencart57634\public\admin\index.php on line 122
2016-07-18 10:31:10 - PHP Notice:  Undefined index: pt-br in C:\Users\mfoganholo\Documents\GitHub\opencart57634\public\admin\index.php on line 123
2016-07-18 10:31:41 - PHP Notice:  Undefined index: pt-br in C:\Users\mfoganholo\Documents\GitHub\opencart57634\public\admin\index.php on line 119
2016-07-18 10:31:41 - PHP Notice:  Undefined index: pt-br in C:\Users\mfoganholo\Documents\GitHub\opencart57634\public\admin\index.php on line 122
2016-07-18 10:31:41 - PHP Notice:  Undefined index: pt-br in C:\Users\mfoganholo\Documents\GitHub\opencart57634\public\admin\index.php on line 123
2016-07-18 11:57:52 - PHP Notice:  Undefined variable: category_search_article in C:\Users\mfoganholo\Documents\GitHub\opencart57634\public\admin\view\template\module\tm_blog_category.tpl on line 68
2016-07-18 11:57:56 - PHP Notice:  Undefined variable: category_search_article in C:\Users\mfoganholo\Documents\GitHub\opencart57634\public\admin\view\template\module\tm_blog_category.tpl on line 68
2016-07-18 11:58:17 - PHP Notice:  Undefined variable: i in C:\Users\mfoganholo\Documents\GitHub\opencart57634\public\admin\view\template\module\tm_megamenu.tpl on line 913
2016-07-18 14:38:45 - PHP Notice:  Undefined variable: category_search_article in C:\Users\mfoganholo\Documents\GitHub\opencart57634\public\admin\view\template\module\tm_blog_category.tpl on line 68
2016-07-18 15:13:05 - PHP Notice:  Undefined variable: category_search_article in C:\Users\mfoganholo\Documents\GitHub\opencart57634\public\admin\view\template\module\tm_blog_category.tpl on line 68
2016-07-18 15:31:50 - PHP Notice:  Use of undefined constant Novo - assumed 'Novo' in C:\Users\mfoganholo\Documents\GitHub\opencart57634\public\catalog\view\theme\theme649\template\module\tm_single_category_product.tpl on line 28
2016-07-18 15:31:50 - PHP Notice:  Use of undefined constant Novo - assumed 'Novo' in C:\Users\mfoganholo\Documents\GitHub\opencart57634\public\catalog\view\theme\theme649\template\module\tm_single_category_product.tpl on line 28
2016-07-18 15:31:52 - PHP Notice:  Use of undefined constant Novo - assumed 'Novo' in C:\Users\mfoganholo\Documents\GitHub\opencart57634\public\catalog\view\theme\theme649\template\module\tm_single_category_product.tpl on line 28
2016-07-18 15:31:52 - PHP Notice:  Use of undefined constant Novo - assumed 'Novo' in C:\Users\mfoganholo\Documents\GitHub\opencart57634\public\catalog\view\theme\theme649\template\module\tm_single_category_product.tpl on line 28
2016-07-18 15:31:53 - PHP Notice:  Use of undefined constant Novo - assumed 'Novo' in C:\Users\mfoganholo\Documents\GitHub\opencart57634\public\catalog\view\theme\theme649\template\module\tm_single_category_product.tpl on line 28
2016-07-18 15:31:53 - PHP Notice:  Use of undefined constant Novo - assumed 'Novo' in C:\Users\mfoganholo\Documents\GitHub\opencart57634\public\catalog\view\theme\theme649\template\module\tm_single_category_product.tpl on line 28
2016-07-18 15:32:21 - PHP Notice:  Use of undefined constant Novo - assumed 'Novo' in C:\Users\mfoganholo\Documents\GitHub\opencart57634\public\catalog\view\theme\theme649\template\module\tm_single_category_product.tpl on line 28
2016-07-18 15:32:21 - PHP Notice:  Use of undefined constant Novo - assumed 'Novo' in C:\Users\mfoganholo\Documents\GitHub\opencart57634\public\catalog\view\theme\theme649\template\module\tm_single_category_product.tpl on line 28
2016-07-18 15:32:23 - PHP Notice:  Use of undefined constant Novo - assumed 'Novo' in C:\Users\mfoganholo\Documents\GitHub\opencart57634\public\catalog\view\theme\theme649\template\module\tm_single_category_product.tpl on line 28
2016-07-18 15:32:23 - PHP Notice:  Use of undefined constant Novo - assumed 'Novo' in C:\Users\mfoganholo\Documents\GitHub\opencart57634\public\catalog\view\theme\theme649\template\module\tm_single_category_product.tpl on line 28
2016-07-18 15:32:24 - PHP Notice:  Use of undefined constant Novo - assumed 'Novo' in C:\Users\mfoganholo\Documents\GitHub\opencart57634\public\catalog\view\theme\theme649\template\module\tm_single_category_product.tpl on line 28
2016-07-18 15:32:24 - PHP Notice:  Use of undefined constant Novo - assumed 'Novo' in C:\Users\mfoganholo\Documents\GitHub\opencart57634\public\catalog\view\theme\theme649\template\module\tm_single_category_product.tpl on line 28
